<?xml version="1.0" encoding="UTF-8"?>
<!-- Generated by org.testng.reporters.JUnitReportReporter -->
<testsuite hostname="Srikantas-Mac-mini.local" name="com.genvideo.test.DriverScript" tests="1" failures="0" timestamp="8 Jan 2016 09:20:13 GMT" time="60.441" errors="0">
  <testcase name="main" time="60.441" classname="com.genvideo.test.DriverScript"/>
</testsuite> <!-- com.genvideo.test.DriverScript -->
